<?xml version="1.0" encoding="UTF-8" ?>
<testsuite tests="2" failures="0" name="buylistTest.BuyListTest" time="1.566" errors="2" skipped="0">
  <properties>
    <property name="java.runtime.name" value="OpenJDK Runtime Environment"/>
    <property name="java.vm.version" value="14.0.2+12-46"/>
    <property name="sun.boot.library.path" value="C:\Users\KGA\.p2\pool\plugins\org.eclipse.justj.openjdk.hotspot.jre.full.win32.x86_64_14.0.2.v20200815-0932\jre\bin"/>
    <property name="maven.multiModuleProjectDirectory" value="C:\Users\KGA\jdk11\nobrand"/>
    <property name="java.vm.vendor" value="Oracle Corporation"/>
    <property name="java.vendor.url" value="https://java.oracle.com/"/>
    <property name="guice.disable.misplaced.annotation.check" value="true"/>
    <property name="path.separator" value=";"/>
    <property name="java.vm.name" value="OpenJDK 64-Bit Server VM"/>
    <property name="sun.os.patch.level" value=""/>
    <property name="user.script" value=""/>
    <property name="user.country" value="KR"/>
    <property name="sun.java.launcher" value="SUN_STANDARD"/>
    <property name="java.vm.specification.name" value="Java Virtual Machine Specification"/>
    <property name="user.dir" value="C:\Users\KGA\jdk11\nobrand"/>
    <property name="java.vm.compressedOopsMode" value="Zero based"/>
    <property name="java.runtime.version" value="14.0.2+12-46"/>
    <property name="os.arch" value="amd64"/>
    <property name="java.io.tmpdir" value="C:\Users\KGA\AppData\Local\Temp\"/>
    <property name="line.separator" value="
"/>
    <property name="java.vm.specification.vendor" value="Oracle Corporation"/>
    <property name="user.variant" value=""/>
    <property name="os.name" value="Windows 10"/>
    <property name="classworlds.conf" value="C:\Users\KGA\jdk11\.metadata\.plugins\org.eclipse.m2e.launching\launches\m2conf2585151462439309735.tmp"/>
    <property name="sun.jnu.encoding" value="MS949"/>
    <property name="java.library.path" value="C:\Users\KGA\.p2\pool\plugins\org.eclipse.justj.openjdk.hotspot.jre.full.win32.x86_64_14.0.2.v20200815-0932\jre\bin;C:\WINDOWS\Sun\Java\bin;C:\WINDOWS\system32;C:\WINDOWS;C:/Users/KGA/.p2/pool/plugins/org.eclipse.justj.openjdk.hotspot.jre.full.win32.x86_64_14.0.2.v20200815-0932/jre/bin/server;C:/Users/KGA/.p2/pool/plugins/org.eclipse.justj.openjdk.hotspot.jre.full.win32.x86_64_14.0.2.v20200815-0932/jre/bin;C:\app\KGA\product\21c\dbhomeXE\bin;C:\Program Files\Common Files\Oracle\Java\javapath;C:\WINDOWS\system32;C:\WINDOWS;C:\WINDOWS\System32\Wbem;C:\WINDOWS\System32\WindowsPowerShell\v1.0\;C:\WINDOWS\System32\OpenSSH\;C:\Program Files\Git\cmd;C:\Users\KGA\AppData\Local\Microsoft\WindowsApps;C:\Users\KGA\AppData\Local\Programs\Microsoft VS Code\bin;C:\Users\KGA\Desktop;;."/>
    <property name="jdk.debug" value="release"/>
    <property name="java.class.version" value="58.0"/>
    <property name="java.specification.name" value="Java Platform API Specification"/>
    <property name="sun.management.compiler" value="HotSpot 64-Bit Tiered Compilers"/>
    <property name="os.version" value="10.0"/>
    <property name="user.home" value="C:\Users\KGA"/>
    <property name="user.timezone" value="Asia/Seoul"/>
    <property name="file.encoding" value="UTF-8"/>
    <property name="java.specification.version" value="14"/>
    <property name="user.name" value="KGA"/>
    <property name="java.class.path" value="C:\Users\KGA\.p2\pool\plugins\org.eclipse.m2e.maven.runtime_1.16.0.20200610-1735\jars\plexus-classworlds-2.6.0.jar"/>
    <property name="java.vm.specification.version" value="14"/>
    <property name="sun.arch.data.model" value="64"/>
    <property name="sun.java.command" value="org.codehaus.plexus.classworlds.launcher.Launcher -B -gs C:\Users\KGA\.m2\settings.xml test"/>
    <property name="java.home" value="C:\Users\KGA\.p2\pool\plugins\org.eclipse.justj.openjdk.hotspot.jre.full.win32.x86_64_14.0.2.v20200815-0932\jre"/>
    <property name="user.language" value="ko"/>
    <property name="java.specification.vendor" value="Oracle Corporation"/>
    <property name="java.vm.info" value="mixed mode"/>
    <property name="java.version" value="14.0.2"/>
    <property name="java.vendor" value="Oracle Corporation"/>
    <property name="maven.home" value="C:\Users\KGA\jdk11\nobrand\EMBEDDED"/>
    <property name="file.separator" value="\"/>
    <property name="java.version.date" value="2020-07-14"/>
    <property name="java.vendor.url.bug" value="https://bugreport.java.com/bugreport/"/>
    <property name="sun.io.unicode.encoding" value="UnicodeLittle"/>
    <property name="sun.cpu.endian" value="little"/>
    <property name="sun.cpu.isalist" value="amd64"/>
  </properties>
  <testcase classname="buylistTest.BuyListTest" name="add" time="1.257">
    <error message="Failed to load ApplicationContext" type="java.lang.IllegalStateException">java.lang.IllegalStateException: Failed to load ApplicationContext
	at org.springframework.test.context.TestContext.getApplicationContext(TestContext.java:157)
	at org.springframework.test.context.support.DependencyInjectionTestExecutionListener.injectDependencies(DependencyInjectionTestExecutionListener.java:109)
	at org.springframework.test.context.support.DependencyInjectionTestExecutionListener.prepareTestInstance(DependencyInjectionTestExecutionListener.java:75)
	at org.springframework.test.context.TestContextManager.prepareTestInstance(TestContextManager.java:321)
	at org.springframework.test.context.junit4.SpringJUnit4ClassRunner.createTest(SpringJUnit4ClassRunner.java:211)
	at org.springframework.test.context.junit4.SpringJUnit4ClassRunner$1.runReflectiveCall(SpringJUnit4ClassRunner.java:288)
	at org.junit.internal.runners.model.ReflectiveCallable.run(ReflectiveCallable.java:15)
	at org.springframework.test.context.junit4.SpringJUnit4ClassRunner.methodBlock(SpringJUnit4ClassRunner.java:290)
	at org.springframework.test.context.junit4.SpringJUnit4ClassRunner.runChild(SpringJUnit4ClassRunner.java:231)
	at org.junit.runners.BlockJUnit4ClassRunner.runChild(BlockJUnit4ClassRunner.java:50)
	at org.junit.runners.ParentRunner$3.run(ParentRunner.java:193)
	at org.junit.runners.ParentRunner$1.schedule(ParentRunner.java:52)
	at org.junit.runners.ParentRunner.runChildren(ParentRunner.java:191)
	at org.junit.runners.ParentRunner.access$000(ParentRunner.java:42)
	at org.junit.runners.ParentRunner$2.evaluate(ParentRunner.java:184)
	at org.springframework.test.context.junit4.statements.RunBeforeTestClassCallbacks.evaluate(RunBeforeTestClassCallbacks.java:61)
	at org.springframework.test.context.junit4.statements.RunAfterTestClassCallbacks.evaluate(RunAfterTestClassCallbacks.java:71)
	at org.junit.runners.ParentRunner.run(ParentRunner.java:236)
	at org.springframework.test.context.junit4.SpringJUnit4ClassRunner.run(SpringJUnit4ClassRunner.java:174)
	at org.apache.maven.surefire.junit4.JUnit4Provider.execute(JUnit4Provider.java:252)
	at org.apache.maven.surefire.junit4.JUnit4Provider.executeTestSet(JUnit4Provider.java:141)
	at org.apache.maven.surefire.junit4.JUnit4Provider.invoke(JUnit4Provider.java:112)
	at java.base/jdk.internal.reflect.NativeMethodAccessorImpl.invoke0(Native Method)
	at java.base/jdk.internal.reflect.NativeMethodAccessorImpl.invoke(NativeMethodAccessorImpl.java:62)
	at java.base/jdk.internal.reflect.DelegatingMethodAccessorImpl.invoke(DelegatingMethodAccessorImpl.java:43)
	at java.base/java.lang.reflect.Method.invoke(Method.java:564)
	at org.apache.maven.surefire.util.ReflectionUtils.invokeMethodWithArray(ReflectionUtils.java:189)
	at org.apache.maven.surefire.booter.ProviderFactory$ProviderProxy.invoke(ProviderFactory.java:165)
	at org.apache.maven.surefire.booter.ProviderFactory.invokeProvider(ProviderFactory.java:85)
	at org.apache.maven.surefire.booter.ForkedBooter.runSuitesInProcess(ForkedBooter.java:115)
	at org.apache.maven.surefire.booter.ForkedBooter.main(ForkedBooter.java:75)
Caused by: org.springframework.beans.factory.BeanCreationException: Error creating bean with name &apos;uploadController&apos;: Injection of autowired dependencies failed; nested exception is org.springframework.beans.factory.BeanCreationException: Could not autowire field: javax.servlet.ServletContext com.javaproject.nobrand.UploadController.context; nested exception is org.springframework.beans.factory.NoSuchBeanDefinitionException: No matching bean of type [javax.servlet.ServletContext] found for dependency: expected at least 1 bean which qualifies as autowire candidate for this dependency. Dependency annotations: {@org.springframework.beans.factory.annotation.Autowired(required=true)}
	at org.springframework.beans.factory.annotation.AutowiredAnnotationBeanPostProcessor.postProcessPropertyValues(AutowiredAnnotationBeanPostProcessor.java:287)
	at org.springframework.beans.factory.support.AbstractAutowireCapableBeanFactory.populateBean(AbstractAutowireCapableBeanFactory.java:1106)
	at org.springframework.beans.factory.support.AbstractAutowireCapableBeanFactory.doCreateBean(AbstractAutowireCapableBeanFactory.java:517)
	at org.springframework.beans.factory.support.AbstractAutowireCapableBeanFactory.createBean(AbstractAutowireCapableBeanFactory.java:456)
	at org.springframework.beans.factory.support.AbstractBeanFactory$1.getObject(AbstractBeanFactory.java:294)
	at org.springframework.beans.factory.support.DefaultSingletonBeanRegistry.getSingleton(DefaultSingletonBeanRegistry.java:225)
	at org.springframework.beans.factory.support.AbstractBeanFactory.doGetBean(AbstractBeanFactory.java:291)
	at org.springframework.beans.factory.support.AbstractBeanFactory.getBean(AbstractBeanFactory.java:193)
	at org.springframework.beans.factory.support.DefaultListableBeanFactory.preInstantiateSingletons(DefaultListableBeanFactory.java:585)
	at org.springframework.context.support.AbstractApplicationContext.finishBeanFactoryInitialization(AbstractApplicationContext.java:913)
	at org.springframework.context.support.AbstractApplicationContext.refresh(AbstractApplicationContext.java:464)
	at org.springframework.test.context.support.AbstractGenericContextLoader.loadContext(AbstractGenericContextLoader.java:103)
	at org.springframework.test.context.support.AbstractGenericContextLoader.loadContext(AbstractGenericContextLoader.java:1)
	at org.springframework.test.context.support.DelegatingSmartContextLoader.loadContext(DelegatingSmartContextLoader.java:228)
	at org.springframework.test.context.TestContext.loadApplicationContext(TestContext.java:124)
	at org.springframework.test.context.TestContext.getApplicationContext(TestContext.java:148)
	... 30 more
Caused by: org.springframework.beans.factory.BeanCreationException: Could not autowire field: javax.servlet.ServletContext com.javaproject.nobrand.UploadController.context; nested exception is org.springframework.beans.factory.NoSuchBeanDefinitionException: No matching bean of type [javax.servlet.ServletContext] found for dependency: expected at least 1 bean which qualifies as autowire candidate for this dependency. Dependency annotations: {@org.springframework.beans.factory.annotation.Autowired(required=true)}
	at org.springframework.beans.factory.annotation.AutowiredAnnotationBeanPostProcessor$AutowiredFieldElement.inject(AutowiredAnnotationBeanPostProcessor.java:506)
	at org.springframework.beans.factory.annotation.InjectionMetadata.inject(InjectionMetadata.java:87)
	at org.springframework.beans.factory.annotation.AutowiredAnnotationBeanPostProcessor.postProcessPropertyValues(AutowiredAnnotationBeanPostProcessor.java:284)
	... 45 more
Caused by: org.springframework.beans.factory.NoSuchBeanDefinitionException: No matching bean of type [javax.servlet.ServletContext] found for dependency: expected at least 1 bean which qualifies as autowire candidate for this dependency. Dependency annotations: {@org.springframework.beans.factory.annotation.Autowired(required=true)}
	at org.springframework.beans.factory.support.DefaultListableBeanFactory.raiseNoSuchBeanDefinitionException(DefaultListableBeanFactory.java:924)
	at org.springframework.beans.factory.support.DefaultListableBeanFactory.doResolveDependency(DefaultListableBeanFactory.java:793)
	at org.springframework.beans.factory.support.DefaultListableBeanFactory.resolveDependency(DefaultListableBeanFactory.java:707)
	at org.springframework.beans.factory.annotation.AutowiredAnnotationBeanPostProcessor$AutowiredFieldElement.inject(AutowiredAnnotationBeanPostProcessor.java:478)
	... 47 more
</error>
    <system-out>INFO : org.springframework.test.context.TestContextManager - @TestExecutionListeners is not present for class [class buylistTest.BuyListTest]: using defaults.
INFO : org.springframework.beans.factory.xml.XmlBeanDefinitionReader - Loading XML bean definitions from URL [file:src/main/webapp/WEB-INF/spring/root-context.xml]
INFO : org.springframework.beans.factory.xml.XmlBeanDefinitionReader - Loading XML bean definitions from URL [file:src/main/webapp/WEB-INF/spring/appServlet/servlet-context.xml]
INFO : org.springframework.context.annotation.ClassPathBeanDefinitionScanner - JSR-330 &apos;javax.inject.Named&apos; annotation found and supported for component scanning
INFO : org.springframework.context.support.GenericApplicationContext - Refreshing org.springframework.context.support.GenericApplicationContext@2b71e916: startup date [Wed Nov 08 09:25:24 KST 2023]; root of context hierarchy
INFO : org.springframework.beans.factory.annotation.AutowiredAnnotationBeanPostProcessor - JSR-330 &apos;javax.inject.Inject&apos; annotation found and supported for autowiring
INFO : org.springframework.beans.factory.support.DefaultListableBeanFactory - Pre-instantiating singletons in org.springframework.beans.factory.support.DefaultListableBeanFactory@5316e95f: defining beans [jdbcTemplate,dataSource,org.springframework.web.servlet.mvc.method.annotation.RequestMappingHandlerMapping#0,org.springframework.format.support.FormattingConversionServiceFactoryBean#0,org.springframework.web.servlet.mvc.method.annotation.RequestMappingHandlerAdapter#0,org.springframework.web.servlet.handler.MappedInterceptor#0,org.springframework.web.servlet.mvc.method.annotation.ExceptionHandlerExceptionResolver#0,org.springframework.web.servlet.mvc.annotation.ResponseStatusExceptionResolver#0,org.springframework.web.servlet.mvc.support.DefaultHandlerExceptionResolver#0,org.springframework.web.servlet.handler.BeanNameUrlHandlerMapping,org.springframework.web.servlet.mvc.HttpRequestHandlerAdapter,org.springframework.web.servlet.mvc.SimpleControllerHandlerAdapter,org.springframework.web.servlet.resource.ResourceHttpRequestHandler#0,org.springframework.web.servlet.handler.SimpleUrlHandlerMapping#0,org.springframework.web.servlet.resource.ResourceHttpRequestHandler#1,org.springframework.web.servlet.handler.SimpleUrlHandlerMapping#1,org.springframework.web.servlet.view.InternalResourceViewResolver#0,multipartResolver,buylistDAO,cartController,categoryDAO,categorySerivce,goodsDAO,goodsService,goodsController,homeController,registGoodsController,reviewDAO,searchController,subController,uploadController,userDAO,userService,userController,org.springframework.context.annotation.internalConfigurationAnnotationProcessor,org.springframework.context.annotation.internalAutowiredAnnotationProcessor,org.springframework.context.annotation.internalRequiredAnnotationProcessor,org.springframework.context.annotation.ConfigurationClassPostProcessor$ImportAwareBeanPostProcessor#0]; root of factory hierarchy
INFO : org.springframework.web.servlet.mvc.method.annotation.RequestMappingHandlerMapping - Mapped &quot;{[/cart],methods=[GET],params=[],headers=[],consumes=[],produces=[],custom=[]}&quot; onto public java.lang.String com.javaproject.nobrand.CartController.cart(javax.servlet.http.HttpServletRequest,org.springframework.ui.Model)
INFO : org.springframework.web.servlet.mvc.method.annotation.RequestMappingHandlerMapping - Mapped &quot;{[/cart/id],methods=[POST],params=[],headers=[],consumes=[],produces=[],custom=[]}&quot; onto public java.lang.String com.javaproject.nobrand.CartController.cartId(javax.servlet.http.HttpServletRequest,javax.servlet.http.HttpServletResponse,org.springframework.ui.Model) throws javax.servlet.ServletException,java.io.IOException
INFO : org.springframework.web.servlet.mvc.method.annotation.RequestMappingHandlerMapping - Mapped &quot;{[/goods],methods=[GET],params=[],headers=[],consumes=[],produces=[],custom=[]}&quot; onto public java.lang.String com.javaproject.nobrand.GoodsController.goods(javax.servlet.http.HttpServletRequest,org.springframework.ui.Model)
INFO : org.springframework.web.servlet.mvc.method.annotation.RequestMappingHandlerMapping - Mapped &quot;{[/top],methods=[GET],params=[],headers=[],consumes=[],produces=[],custom=[]}&quot; onto public java.lang.String com.javaproject.nobrand.HomeController.index(java.util.Locale,org.springframework.ui.Model)
INFO : org.springframework.web.servlet.mvc.method.annotation.RequestMappingHandlerMapping - Mapped &quot;{[/],methods=[GET],params=[],headers=[],consumes=[],produces=[],custom=[]}&quot; onto public java.lang.String com.javaproject.nobrand.HomeController.home(java.util.Locale,org.springframework.ui.Model,javax.servlet.http.HttpServletRequest)
INFO : org.springframework.web.servlet.mvc.method.annotation.RequestMappingHandlerMapping - Mapped &quot;{[/bottom],methods=[GET],params=[],headers=[],consumes=[],produces=[],custom=[]}&quot; onto public java.lang.String com.javaproject.nobrand.HomeController.bottom(org.springframework.ui.Model)
INFO : org.springframework.web.servlet.mvc.method.annotation.RequestMappingHandlerMapping - Mapped &quot;{[/],methods=[POST],params=[],headers=[],consumes=[],produces=[],custom=[]}&quot; onto public java.lang.String com.javaproject.nobrand.HomeController.postHome(java.util.Locale,org.springframework.ui.Model)
INFO : org.springframework.web.servlet.mvc.method.annotation.RequestMappingHandlerMapping - Mapped &quot;{[/cartbanner],methods=[GET],params=[],headers=[],consumes=[],produces=[],custom=[]}&quot; onto public java.lang.String com.javaproject.nobrand.HomeController.topPage(java.util.Locale,org.springframework.ui.Model)
INFO : org.springframework.web.servlet.mvc.method.annotation.RequestMappingHandlerMapping - Mapped &quot;{[/registgoods],methods=[GET],params=[],headers=[],consumes=[],produces=[],custom=[]}&quot; onto public java.lang.String com.javaproject.nobrand.RegistGoodsController.registGoods(org.springframework.ui.Model)
INFO : org.springframework.web.servlet.mvc.method.annotation.RequestMappingHandlerMapping - Mapped &quot;{[/registgoods],methods=[POST],params=[],headers=[],consumes=[],produces=[],custom=[]}&quot; onto public java.lang.String com.javaproject.nobrand.RegistGoodsController.registGoodsPost(java.util.Map&lt;java.lang.String, java.lang.String&gt;,javax.servlet.http.HttpSession)
INFO : org.springframework.web.servlet.mvc.method.annotation.RequestMappingHandlerMapping - Mapped &quot;{[/search],methods=[GET],params=[],headers=[],consumes=[],produces=[],custom=[]}&quot; onto public java.lang.String com.javaproject.nobrand.SearchController.sub(java.util.Map&lt;java.lang.String, java.lang.String&gt;,javax.servlet.http.HttpServletRequest)
INFO : org.springframework.web.servlet.mvc.method.annotation.RequestMappingHandlerMapping - Mapped &quot;{[/sub],methods=[GET],params=[],headers=[],consumes=[],produces=[],custom=[]}&quot; onto public java.lang.String com.javaproject.nobrand.SubController.sub(java.util.Map&lt;java.lang.String, java.lang.String&gt;,javax.servlet.http.HttpServletRequest)
INFO : org.springframework.web.servlet.mvc.method.annotation.RequestMappingHandlerMapping - Mapped &quot;{[/common/ckeditor5Upload.do],methods=[POST],params=[],headers=[],consumes=[],produces=[],custom=[]}&quot; onto public void com.javaproject.nobrand.UploadController.fileUpload(org.springframework.web.multipart.MultipartHttpServletRequest,javax.servlet.http.HttpServletRequest,javax.servlet.http.HttpServletResponse)
INFO : org.springframework.web.servlet.mvc.method.annotation.RequestMappingHandlerMapping - Mapped &quot;{[/login],methods=[GET],params=[],headers=[],consumes=[],produces=[],custom=[]}&quot; onto public java.lang.String com.javaproject.nobrand.UserController.login()
INFO : org.springframework.web.servlet.mvc.method.annotation.RequestMappingHandlerMapping - Mapped &quot;{[/regist],methods=[POST],params=[],headers=[],consumes=[],produces=[],custom=[]}&quot; onto public java.lang.String com.javaproject.nobrand.UserController.registPost(java.util.Map&lt;java.lang.String, java.lang.String&gt;)
INFO : org.springframework.web.servlet.mvc.method.annotation.RequestMappingHandlerMapping - Mapped &quot;{[/regist],methods=[GET],params=[],headers=[],consumes=[],produces=[],custom=[]}&quot; onto public java.lang.String com.javaproject.nobrand.UserController.regist()
INFO : org.springframework.web.servlet.mvc.method.annotation.RequestMappingHandlerMapping - Mapped &quot;{[/login],methods=[POST],params=[],headers=[],consumes=[],produces=[],custom=[]}&quot; onto public java.lang.String com.javaproject.nobrand.UserController.logInPost(java.util.Map&lt;java.lang.String, java.lang.String&gt;,javax.servlet.http.HttpSession)
INFO : org.springframework.web.servlet.mvc.method.annotation.RequestMappingHandlerMapping - Mapped &quot;{[/logout],methods=[POST],params=[],headers=[],consumes=[],produces=[],custom=[]}&quot; onto public java.lang.String com.javaproject.nobrand.UserController.logOutPost(java.util.Map&lt;java.lang.String, java.lang.String&gt;,javax.servlet.http.HttpSession)
INFO : org.springframework.web.servlet.handler.SimpleUrlHandlerMapping - Mapped URL path [/resources/**] onto handler &apos;org.springframework.web.servlet.resource.ResourceHttpRequestHandler#0&apos;
INFO : org.springframework.web.servlet.handler.SimpleUrlHandlerMapping - Mapped URL path [/upload/**] onto handler &apos;org.springframework.web.servlet.resource.ResourceHttpRequestHandler#1&apos;
INFO : org.springframework.beans.factory.support.DefaultListableBeanFactory - Destroying singletons in org.springframework.beans.factory.support.DefaultListableBeanFactory@5316e95f: defining beans [jdbcTemplate,dataSource,org.springframework.web.servlet.mvc.method.annotation.RequestMappingHandlerMapping#0,org.springframework.format.support.FormattingConversionServiceFactoryBean#0,org.springframework.web.servlet.mvc.method.annotation.RequestMappingHandlerAdapter#0,org.springframework.web.servlet.handler.MappedInterceptor#0,org.springframework.web.servlet.mvc.method.annotation.ExceptionHandlerExceptionResolver#0,org.springframework.web.servlet.mvc.annotation.ResponseStatusExceptionResolver#0,org.springframework.web.servlet.mvc.support.DefaultHandlerExceptionResolver#0,org.springframework.web.servlet.handler.BeanNameUrlHandlerMapping,org.springframework.web.servlet.mvc.HttpRequestHandlerAdapter,org.springframework.web.servlet.mvc.SimpleControllerHandlerAdapter,org.springframework.web.servlet.resource.ResourceHttpRequestHandler#0,org.springframework.web.servlet.handler.SimpleUrlHandlerMapping#0,org.springframework.web.servlet.resource.ResourceHttpRequestHandler#1,org.springframework.web.servlet.handler.SimpleUrlHandlerMapping#1,org.springframework.web.servlet.view.InternalResourceViewResolver#0,multipartResolver,buylistDAO,cartController,categoryDAO,categorySerivce,goodsDAO,goodsService,goodsController,homeController,registGoodsController,reviewDAO,searchController,subController,uploadController,userDAO,userService,userController,org.springframework.context.annotation.internalConfigurationAnnotationProcessor,org.springframework.context.annotation.internalAutowiredAnnotationProcessor,org.springframework.context.annotation.internalRequiredAnnotationProcessor,org.springframework.context.annotation.ConfigurationClassPostProcessor$ImportAwareBeanPostProcessor#0]; root of factory hierarchy
ERROR: org.springframework.test.context.TestContextManager - Caught exception while allowing TestExecutionListener [org.springframework.test.context.support.DependencyInjectionTestExecutionListener@30feffc] to prepare test instance [buylistTest.BuyListTest@67207d8a]
java.lang.IllegalStateException: Failed to load ApplicationContext
	at org.springframework.test.context.TestContext.getApplicationContext(TestContext.java:157)
	at org.springframework.test.context.support.DependencyInjectionTestExecutionListener.injectDependencies(DependencyInjectionTestExecutionListener.java:109)
	at org.springframework.test.context.support.DependencyInjectionTestExecutionListener.prepareTestInstance(DependencyInjectionTestExecutionListener.java:75)
	at org.springframework.test.context.TestContextManager.prepareTestInstance(TestContextManager.java:321)
	at org.springframework.test.context.junit4.SpringJUnit4ClassRunner.createTest(SpringJUnit4ClassRunner.java:211)
	at org.springframework.test.context.junit4.SpringJUnit4ClassRunner$1.runReflectiveCall(SpringJUnit4ClassRunner.java:288)
	at org.junit.internal.runners.model.ReflectiveCallable.run(ReflectiveCallable.java:15)
	at org.springframework.test.context.junit4.SpringJUnit4ClassRunner.methodBlock(SpringJUnit4ClassRunner.java:290)
	at org.springframework.test.context.junit4.SpringJUnit4ClassRunner.runChild(SpringJUnit4ClassRunner.java:231)
	at org.junit.runners.BlockJUnit4ClassRunner.runChild(BlockJUnit4ClassRunner.java:50)
	at org.junit.runners.ParentRunner$3.run(ParentRunner.java:193)
	at org.junit.runners.ParentRunner$1.schedule(ParentRunner.java:52)
	at org.junit.runners.ParentRunner.runChildren(ParentRunner.java:191)
	at org.junit.runners.ParentRunner.access$000(ParentRunner.java:42)
	at org.junit.runners.ParentRunner$2.evaluate(ParentRunner.java:184)
	at org.springframework.test.context.junit4.statements.RunBeforeTestClassCallbacks.evaluate(RunBeforeTestClassCallbacks.java:61)
	at org.springframework.test.context.junit4.statements.RunAfterTestClassCallbacks.evaluate(RunAfterTestClassCallbacks.java:71)
	at org.junit.runners.ParentRunner.run(ParentRunner.java:236)
	at org.springframework.test.context.junit4.SpringJUnit4ClassRunner.run(SpringJUnit4ClassRunner.java:174)
	at org.apache.maven.surefire.junit4.JUnit4Provider.execute(JUnit4Provider.java:252)
	at org.apache.maven.surefire.junit4.JUnit4Provider.executeTestSet(JUnit4Provider.java:141)
	at org.apache.maven.surefire.junit4.JUnit4Provider.invoke(JUnit4Provider.java:112)
	at java.base/jdk.internal.reflect.NativeMethodAccessorImpl.invoke0(Native Method)
	at java.base/jdk.internal.reflect.NativeMethodAccessorImpl.invoke(NativeMethodAccessorImpl.java:62)
	at java.base/jdk.internal.reflect.DelegatingMethodAccessorImpl.invoke(DelegatingMethodAccessorImpl.java:43)
	at java.base/java.lang.reflect.Method.invoke(Method.java:564)
	at org.apache.maven.surefire.util.ReflectionUtils.invokeMethodWithArray(ReflectionUtils.java:189)
	at org.apache.maven.surefire.booter.ProviderFactory$ProviderProxy.invoke(ProviderFactory.java:165)
	at org.apache.maven.surefire.booter.ProviderFactory.invokeProvider(ProviderFactory.java:85)
	at org.apache.maven.surefire.booter.ForkedBooter.runSuitesInProcess(ForkedBooter.java:115)
	at org.apache.maven.surefire.booter.ForkedBooter.main(ForkedBooter.java:75)
Caused by: org.springframework.beans.factory.BeanCreationException: Error creating bean with name &apos;uploadController&apos;: Injection of autowired dependencies failed; nested exception is org.springframework.beans.factory.BeanCreationException: Could not autowire field: javax.servlet.ServletContext com.javaproject.nobrand.UploadController.context; nested exception is org.springframework.beans.factory.NoSuchBeanDefinitionException: No matching bean of type [javax.servlet.ServletContext] found for dependency: expected at least 1 bean which qualifies as autowire candidate for this dependency. Dependency annotations: {@org.springframework.beans.factory.annotation.Autowired(required=true)}
	at org.springframework.beans.factory.annotation.AutowiredAnnotationBeanPostProcessor.postProcessPropertyValues(AutowiredAnnotationBeanPostProcessor.java:287)
	at org.springframework.beans.factory.support.AbstractAutowireCapableBeanFactory.populateBean(AbstractAutowireCapableBeanFactory.java:1106)
	at org.springframework.beans.factory.support.AbstractAutowireCapableBeanFactory.doCreateBean(AbstractAutowireCapableBeanFactory.java:517)
	at org.springframework.beans.factory.support.AbstractAutowireCapableBeanFactory.createBean(AbstractAutowireCapableBeanFactory.java:456)
	at org.springframework.beans.factory.support.AbstractBeanFactory$1.getObject(AbstractBeanFactory.java:294)
	at org.springframework.beans.factory.support.DefaultSingletonBeanRegistry.getSingleton(DefaultSingletonBeanRegistry.java:225)
	at org.springframework.beans.factory.support.AbstractBeanFactory.doGetBean(AbstractBeanFactory.java:291)
	at org.springframework.beans.factory.support.AbstractBeanFactory.getBean(AbstractBeanFactory.java:193)
	at org.springframework.beans.factory.support.DefaultListableBeanFactory.preInstantiateSingletons(DefaultListableBeanFactory.java:585)
	at org.springframework.context.support.AbstractApplicationContext.finishBeanFactoryInitialization(AbstractApplicationContext.java:913)
	at org.springframework.context.support.AbstractApplicationContext.refresh(AbstractApplicationContext.java:464)
	at org.springframework.test.context.support.AbstractGenericContextLoader.loadContext(AbstractGenericContextLoader.java:103)
	at org.springframework.test.context.support.AbstractGenericContextLoader.loadContext(AbstractGenericContextLoader.java:1)
	at org.springframework.test.context.support.DelegatingSmartContextLoader.loadContext(DelegatingSmartContextLoader.java:228)
	at org.springframework.test.context.TestContext.loadApplicationContext(TestContext.java:124)
	at org.springframework.test.context.TestContext.getApplicationContext(TestContext.java:148)
	... 30 more
Caused by: org.springframework.beans.factory.BeanCreationException: Could not autowire field: javax.servlet.ServletContext com.javaproject.nobrand.UploadController.context; nested exception is org.springframework.beans.factory.NoSuchBeanDefinitionException: No matching bean of type [javax.servlet.ServletContext] found for dependency: expected at least 1 bean which qualifies as autowire candidate for this dependency. Dependency annotations: {@org.springframework.beans.factory.annotation.Autowired(required=true)}
	at org.springframework.beans.factory.annotation.AutowiredAnnotationBeanPostProcessor$AutowiredFieldElement.inject(AutowiredAnnotationBeanPostProcessor.java:506)
	at org.springframework.beans.factory.annotation.InjectionMetadata.inject(InjectionMetadata.java:87)
	at org.springframework.beans.factory.annotation.AutowiredAnnotationBeanPostProcessor.postProcessPropertyValues(AutowiredAnnotationBeanPostProcessor.java:284)
	... 45 more
Caused by: org.springframework.beans.factory.NoSuchBeanDefinitionException: No matching bean of type [javax.servlet.ServletContext] found for dependency: expected at least 1 bean which qualifies as autowire candidate for this dependency. Dependency annotations: {@org.springframework.beans.factory.annotation.Autowired(required=true)}
	at org.springframework.beans.factory.support.DefaultListableBeanFactory.raiseNoSuchBeanDefinitionException(DefaultListableBeanFactory.java:924)
	at org.springframework.beans.factory.support.DefaultListableBeanFactory.doResolveDependency(DefaultListableBeanFactory.java:793)
	at org.springframework.beans.factory.support.DefaultListableBeanFactory.resolveDependency(DefaultListableBeanFactory.java:707)
	at org.springframework.beans.factory.annotation.AutowiredAnnotationBeanPostProcessor$AutowiredFieldElement.inject(AutowiredAnnotationBeanPostProcessor.java:478)
	... 47 more
</system-out>
  </testcase>
  <testcase classname="buylistTest.BuyListTest" name="get" time="0.309">
    <error message="Failed to load ApplicationContext" type="java.lang.IllegalStateException">java.lang.IllegalStateException: Failed to load ApplicationContext
	at org.springframework.test.context.TestContext.getApplicationContext(TestContext.java:157)
	at org.springframework.test.context.support.DependencyInjectionTestExecutionListener.injectDependencies(DependencyInjectionTestExecutionListener.java:109)
	at org.springframework.test.context.support.DependencyInjectionTestExecutionListener.prepareTestInstance(DependencyInjectionTestExecutionListener.java:75)
	at org.springframework.test.context.TestContextManager.prepareTestInstance(TestContextManager.java:321)
	at org.springframework.test.context.junit4.SpringJUnit4ClassRunner.createTest(SpringJUnit4ClassRunner.java:211)
	at org.springframework.test.context.junit4.SpringJUnit4ClassRunner$1.runReflectiveCall(SpringJUnit4ClassRunner.java:288)
	at org.junit.internal.runners.model.ReflectiveCallable.run(ReflectiveCallable.java:15)
	at org.springframework.test.context.junit4.SpringJUnit4ClassRunner.methodBlock(SpringJUnit4ClassRunner.java:290)
	at org.springframework.test.context.junit4.SpringJUnit4ClassRunner.runChild(SpringJUnit4ClassRunner.java:231)
	at org.junit.runners.BlockJUnit4ClassRunner.runChild(BlockJUnit4ClassRunner.java:50)
	at org.junit.runners.ParentRunner$3.run(ParentRunner.java:193)
	at org.junit.runners.ParentRunner$1.schedule(ParentRunner.java:52)
	at org.junit.runners.ParentRunner.runChildren(ParentRunner.java:191)
	at org.junit.runners.ParentRunner.access$000(ParentRunner.java:42)
	at org.junit.runners.ParentRunner$2.evaluate(ParentRunner.java:184)
	at org.springframework.test.context.junit4.statements.RunBeforeTestClassCallbacks.evaluate(RunBeforeTestClassCallbacks.java:61)
	at org.springframework.test.context.junit4.statements.RunAfterTestClassCallbacks.evaluate(RunAfterTestClassCallbacks.java:71)
	at org.junit.runners.ParentRunner.run(ParentRunner.java:236)
	at org.springframework.test.context.junit4.SpringJUnit4ClassRunner.run(SpringJUnit4ClassRunner.java:174)
	at org.apache.maven.surefire.junit4.JUnit4Provider.execute(JUnit4Provider.java:252)
	at org.apache.maven.surefire.junit4.JUnit4Provider.executeTestSet(JUnit4Provider.java:141)
	at org.apache.maven.surefire.junit4.JUnit4Provider.invoke(JUnit4Provider.java:112)
	at java.base/jdk.internal.reflect.NativeMethodAccessorImpl.invoke0(Native Method)
	at java.base/jdk.internal.reflect.NativeMethodAccessorImpl.invoke(NativeMethodAccessorImpl.java:62)
	at java.base/jdk.internal.reflect.DelegatingMethodAccessorImpl.invoke(DelegatingMethodAccessorImpl.java:43)
	at java.base/java.lang.reflect.Method.invoke(Method.java:564)
	at org.apache.maven.surefire.util.ReflectionUtils.invokeMethodWithArray(ReflectionUtils.java:189)
	at org.apache.maven.surefire.booter.ProviderFactory$ProviderProxy.invoke(ProviderFactory.java:165)
	at org.apache.maven.surefire.booter.ProviderFactory.invokeProvider(ProviderFactory.java:85)
	at org.apache.maven.surefire.booter.ForkedBooter.runSuitesInProcess(ForkedBooter.java:115)
	at org.apache.maven.surefire.booter.ForkedBooter.main(ForkedBooter.java:75)
Caused by: org.springframework.beans.factory.BeanCreationException: Error creating bean with name &apos;uploadController&apos;: Injection of autowired dependencies failed; nested exception is org.springframework.beans.factory.BeanCreationException: Could not autowire field: javax.servlet.ServletContext com.javaproject.nobrand.UploadController.context; nested exception is org.springframework.beans.factory.NoSuchBeanDefinitionException: No matching bean of type [javax.servlet.ServletContext] found for dependency: expected at least 1 bean which qualifies as autowire candidate for this dependency. Dependency annotations: {@org.springframework.beans.factory.annotation.Autowired(required=true)}
	at org.springframework.beans.factory.annotation.AutowiredAnnotationBeanPostProcessor.postProcessPropertyValues(AutowiredAnnotationBeanPostProcessor.java:287)
	at org.springframework.beans.factory.support.AbstractAutowireCapableBeanFactory.populateBean(AbstractAutowireCapableBeanFactory.java:1106)
	at org.springframework.beans.factory.support.AbstractAutowireCapableBeanFactory.doCreateBean(AbstractAutowireCapableBeanFactory.java:517)
	at org.springframework.beans.factory.support.AbstractAutowireCapableBeanFactory.createBean(AbstractAutowireCapableBeanFactory.java:456)
	at org.springframework.beans.factory.support.AbstractBeanFactory$1.getObject(AbstractBeanFactory.java:294)
	at org.springframework.beans.factory.support.DefaultSingletonBeanRegistry.getSingleton(DefaultSingletonBeanRegistry.java:225)
	at org.springframework.beans.factory.support.AbstractBeanFactory.doGetBean(AbstractBeanFactory.java:291)
	at org.springframework.beans.factory.support.AbstractBeanFactory.getBean(AbstractBeanFactory.java:193)
	at org.springframework.beans.factory.support.DefaultListableBeanFactory.preInstantiateSingletons(DefaultListableBeanFactory.java:585)
	at org.springframework.context.support.AbstractApplicationContext.finishBeanFactoryInitialization(AbstractApplicationContext.java:913)
	at org.springframework.context.support.AbstractApplicationContext.refresh(AbstractApplicationContext.java:464)
	at org.springframework.test.context.support.AbstractGenericContextLoader.loadContext(AbstractGenericContextLoader.java:103)
	at org.springframework.test.context.support.AbstractGenericContextLoader.loadContext(AbstractGenericContextLoader.java:1)
	at org.springframework.test.context.support.DelegatingSmartContextLoader.loadContext(DelegatingSmartContextLoader.java:228)
	at org.springframework.test.context.TestContext.loadApplicationContext(TestContext.java:124)
	at org.springframework.test.context.TestContext.getApplicationContext(TestContext.java:148)
	... 30 more
Caused by: org.springframework.beans.factory.BeanCreationException: Could not autowire field: javax.servlet.ServletContext com.javaproject.nobrand.UploadController.context; nested exception is org.springframework.beans.factory.NoSuchBeanDefinitionException: No matching bean of type [javax.servlet.ServletContext] found for dependency: expected at least 1 bean which qualifies as autowire candidate for this dependency. Dependency annotations: {@org.springframework.beans.factory.annotation.Autowired(required=true)}
	at org.springframework.beans.factory.annotation.AutowiredAnnotationBeanPostProcessor$AutowiredFieldElement.inject(AutowiredAnnotationBeanPostProcessor.java:506)
	at org.springframework.beans.factory.annotation.InjectionMetadata.inject(InjectionMetadata.java:87)
	at org.springframework.beans.factory.annotation.AutowiredAnnotationBeanPostProcessor.postProcessPropertyValues(AutowiredAnnotationBeanPostProcessor.java:284)
	... 45 more
Caused by: org.springframework.beans.factory.NoSuchBeanDefinitionException: No matching bean of type [javax.servlet.ServletContext] found for dependency: expected at least 1 bean which qualifies as autowire candidate for this dependency. Dependency annotations: {@org.springframework.beans.factory.annotation.Autowired(required=true)}
	at org.springframework.beans.factory.support.DefaultListableBeanFactory.raiseNoSuchBeanDefinitionException(DefaultListableBeanFactory.java:924)
	at org.springframework.beans.factory.support.DefaultListableBeanFactory.doResolveDependency(DefaultListableBeanFactory.java:793)
	at org.springframework.beans.factory.support.DefaultListableBeanFactory.resolveDependency(DefaultListableBeanFactory.java:707)
	at org.springframework.beans.factory.annotation.AutowiredAnnotationBeanPostProcessor$AutowiredFieldElement.inject(AutowiredAnnotationBeanPostProcessor.java:478)
	... 47 more
</error>
    <system-out>INFO : org.springframework.beans.factory.xml.XmlBeanDefinitionReader - Loading XML bean definitions from URL [file:src/main/webapp/WEB-INF/spring/root-context.xml]
INFO : org.springframework.beans.factory.xml.XmlBeanDefinitionReader - Loading XML bean definitions from URL [file:src/main/webapp/WEB-INF/spring/appServlet/servlet-context.xml]
INFO : org.springframework.context.annotation.ClassPathBeanDefinitionScanner - JSR-330 &apos;javax.inject.Named&apos; annotation found and supported for component scanning
INFO : org.springframework.context.support.GenericApplicationContext - Refreshing org.springframework.context.support.GenericApplicationContext@522b2631: startup date [Wed Nov 08 09:25:25 KST 2023]; root of context hierarchy
INFO : org.springframework.beans.factory.annotation.AutowiredAnnotationBeanPostProcessor - JSR-330 &apos;javax.inject.Inject&apos; annotation found and supported for autowiring
INFO : org.springframework.beans.factory.support.DefaultListableBeanFactory - Pre-instantiating singletons in org.springframework.beans.factory.support.DefaultListableBeanFactory@2c779e5: defining beans [jdbcTemplate,dataSource,org.springframework.web.servlet.mvc.method.annotation.RequestMappingHandlerMapping#0,org.springframework.format.support.FormattingConversionServiceFactoryBean#0,org.springframework.web.servlet.mvc.method.annotation.RequestMappingHandlerAdapter#0,org.springframework.web.servlet.handler.MappedInterceptor#0,org.springframework.web.servlet.mvc.method.annotation.ExceptionHandlerExceptionResolver#0,org.springframework.web.servlet.mvc.annotation.ResponseStatusExceptionResolver#0,org.springframework.web.servlet.mvc.support.DefaultHandlerExceptionResolver#0,org.springframework.web.servlet.handler.BeanNameUrlHandlerMapping,org.springframework.web.servlet.mvc.HttpRequestHandlerAdapter,org.springframework.web.servlet.mvc.SimpleControllerHandlerAdapter,org.springframework.web.servlet.resource.ResourceHttpRequestHandler#0,org.springframework.web.servlet.handler.SimpleUrlHandlerMapping#0,org.springframework.web.servlet.resource.ResourceHttpRequestHandler#1,org.springframework.web.servlet.handler.SimpleUrlHandlerMapping#1,org.springframework.web.servlet.view.InternalResourceViewResolver#0,multipartResolver,buylistDAO,cartController,categoryDAO,categorySerivce,goodsDAO,goodsService,goodsController,homeController,registGoodsController,reviewDAO,searchController,subController,uploadController,userDAO,userService,userController,org.springframework.context.annotation.internalConfigurationAnnotationProcessor,org.springframework.context.annotation.internalAutowiredAnnotationProcessor,org.springframework.context.annotation.internalRequiredAnnotationProcessor,org.springframework.context.annotation.ConfigurationClassPostProcessor$ImportAwareBeanPostProcessor#0]; root of factory hierarchy
INFO : org.springframework.web.servlet.mvc.method.annotation.RequestMappingHandlerMapping - Mapped &quot;{[/cart],methods=[GET],params=[],headers=[],consumes=[],produces=[],custom=[]}&quot; onto public java.lang.String com.javaproject.nobrand.CartController.cart(javax.servlet.http.HttpServletRequest,org.springframework.ui.Model)
INFO : org.springframework.web.servlet.mvc.method.annotation.RequestMappingHandlerMapping - Mapped &quot;{[/cart/id],methods=[POST],params=[],headers=[],consumes=[],produces=[],custom=[]}&quot; onto public java.lang.String com.javaproject.nobrand.CartController.cartId(javax.servlet.http.HttpServletRequest,javax.servlet.http.HttpServletResponse,org.springframework.ui.Model) throws javax.servlet.ServletException,java.io.IOException
INFO : org.springframework.web.servlet.mvc.method.annotation.RequestMappingHandlerMapping - Mapped &quot;{[/goods],methods=[GET],params=[],headers=[],consumes=[],produces=[],custom=[]}&quot; onto public java.lang.String com.javaproject.nobrand.GoodsController.goods(javax.servlet.http.HttpServletRequest,org.springframework.ui.Model)
INFO : org.springframework.web.servlet.mvc.method.annotation.RequestMappingHandlerMapping - Mapped &quot;{[/top],methods=[GET],params=[],headers=[],consumes=[],produces=[],custom=[]}&quot; onto public java.lang.String com.javaproject.nobrand.HomeController.index(java.util.Locale,org.springframework.ui.Model)
INFO : org.springframework.web.servlet.mvc.method.annotation.RequestMappingHandlerMapping - Mapped &quot;{[/],methods=[GET],params=[],headers=[],consumes=[],produces=[],custom=[]}&quot; onto public java.lang.String com.javaproject.nobrand.HomeController.home(java.util.Locale,org.springframework.ui.Model,javax.servlet.http.HttpServletRequest)
INFO : org.springframework.web.servlet.mvc.method.annotation.RequestMappingHandlerMapping - Mapped &quot;{[/bottom],methods=[GET],params=[],headers=[],consumes=[],produces=[],custom=[]}&quot; onto public java.lang.String com.javaproject.nobrand.HomeController.bottom(org.springframework.ui.Model)
INFO : org.springframework.web.servlet.mvc.method.annotation.RequestMappingHandlerMapping - Mapped &quot;{[/],methods=[POST],params=[],headers=[],consumes=[],produces=[],custom=[]}&quot; onto public java.lang.String com.javaproject.nobrand.HomeController.postHome(java.util.Locale,org.springframework.ui.Model)
INFO : org.springframework.web.servlet.mvc.method.annotation.RequestMappingHandlerMapping - Mapped &quot;{[/cartbanner],methods=[GET],params=[],headers=[],consumes=[],produces=[],custom=[]}&quot; onto public java.lang.String com.javaproject.nobrand.HomeController.topPage(java.util.Locale,org.springframework.ui.Model)
INFO : org.springframework.web.servlet.mvc.method.annotation.RequestMappingHandlerMapping - Mapped &quot;{[/registgoods],methods=[GET],params=[],headers=[],consumes=[],produces=[],custom=[]}&quot; onto public java.lang.String com.javaproject.nobrand.RegistGoodsController.registGoods(org.springframework.ui.Model)
INFO : org.springframework.web.servlet.mvc.method.annotation.RequestMappingHandlerMapping - Mapped &quot;{[/registgoods],methods=[POST],params=[],headers=[],consumes=[],produces=[],custom=[]}&quot; onto public java.lang.String com.javaproject.nobrand.RegistGoodsController.registGoodsPost(java.util.Map&lt;java.lang.String, java.lang.String&gt;,javax.servlet.http.HttpSession)
INFO : org.springframework.web.servlet.mvc.method.annotation.RequestMappingHandlerMapping - Mapped &quot;{[/search],methods=[GET],params=[],headers=[],consumes=[],produces=[],custom=[]}&quot; onto public java.lang.String com.javaproject.nobrand.SearchController.sub(java.util.Map&lt;java.lang.String, java.lang.String&gt;,javax.servlet.http.HttpServletRequest)
INFO : org.springframework.web.servlet.mvc.method.annotation.RequestMappingHandlerMapping - Mapped &quot;{[/sub],methods=[GET],params=[],headers=[],consumes=[],produces=[],custom=[]}&quot; onto public java.lang.String com.javaproject.nobrand.SubController.sub(java.util.Map&lt;java.lang.String, java.lang.String&gt;,javax.servlet.http.HttpServletRequest)
INFO : org.springframework.web.servlet.mvc.method.annotation.RequestMappingHandlerMapping - Mapped &quot;{[/common/ckeditor5Upload.do],methods=[POST],params=[],headers=[],consumes=[],produces=[],custom=[]}&quot; onto public void com.javaproject.nobrand.UploadController.fileUpload(org.springframework.web.multipart.MultipartHttpServletRequest,javax.servlet.http.HttpServletRequest,javax.servlet.http.HttpServletResponse)
INFO : org.springframework.web.servlet.mvc.method.annotation.RequestMappingHandlerMapping - Mapped &quot;{[/login],methods=[GET],params=[],headers=[],consumes=[],produces=[],custom=[]}&quot; onto public java.lang.String com.javaproject.nobrand.UserController.login()
INFO : org.springframework.web.servlet.mvc.method.annotation.RequestMappingHandlerMapping - Mapped &quot;{[/regist],methods=[POST],params=[],headers=[],consumes=[],produces=[],custom=[]}&quot; onto public java.lang.String com.javaproject.nobrand.UserController.registPost(java.util.Map&lt;java.lang.String, java.lang.String&gt;)
INFO : org.springframework.web.servlet.mvc.method.annotation.RequestMappingHandlerMapping - Mapped &quot;{[/regist],methods=[GET],params=[],headers=[],consumes=[],produces=[],custom=[]}&quot; onto public java.lang.String com.javaproject.nobrand.UserController.regist()
INFO : org.springframework.web.servlet.mvc.method.annotation.RequestMappingHandlerMapping - Mapped &quot;{[/login],methods=[POST],params=[],headers=[],consumes=[],produces=[],custom=[]}&quot; onto public java.lang.String com.javaproject.nobrand.UserController.logInPost(java.util.Map&lt;java.lang.String, java.lang.String&gt;,javax.servlet.http.HttpSession)
INFO : org.springframework.web.servlet.mvc.method.annotation.RequestMappingHandlerMapping - Mapped &quot;{[/logout],methods=[POST],params=[],headers=[],consumes=[],produces=[],custom=[]}&quot; onto public java.lang.String com.javaproject.nobrand.UserController.logOutPost(java.util.Map&lt;java.lang.String, java.lang.String&gt;,javax.servlet.http.HttpSession)
INFO : org.springframework.web.servlet.handler.SimpleUrlHandlerMapping - Mapped URL path [/resources/**] onto handler &apos;org.springframework.web.servlet.resource.ResourceHttpRequestHandler#0&apos;
INFO : org.springframework.web.servlet.handler.SimpleUrlHandlerMapping - Mapped URL path [/upload/**] onto handler &apos;org.springframework.web.servlet.resource.ResourceHttpRequestHandler#1&apos;
INFO : org.springframework.beans.factory.support.DefaultListableBeanFactory - Destroying singletons in org.springframework.beans.factory.support.DefaultListableBeanFactory@2c779e5: defining beans [jdbcTemplate,dataSource,org.springframework.web.servlet.mvc.method.annotation.RequestMappingHandlerMapping#0,org.springframework.format.support.FormattingConversionServiceFactoryBean#0,org.springframework.web.servlet.mvc.method.annotation.RequestMappingHandlerAdapter#0,org.springframework.web.servlet.handler.MappedInterceptor#0,org.springframework.web.servlet.mvc.method.annotation.ExceptionHandlerExceptionResolver#0,org.springframework.web.servlet.mvc.annotation.ResponseStatusExceptionResolver#0,org.springframework.web.servlet.mvc.support.DefaultHandlerExceptionResolver#0,org.springframework.web.servlet.handler.BeanNameUrlHandlerMapping,org.springframework.web.servlet.mvc.HttpRequestHandlerAdapter,org.springframework.web.servlet.mvc.SimpleControllerHandlerAdapter,org.springframework.web.servlet.resource.ResourceHttpRequestHandler#0,org.springframework.web.servlet.handler.SimpleUrlHandlerMapping#0,org.springframework.web.servlet.resource.ResourceHttpRequestHandler#1,org.springframework.web.servlet.handler.SimpleUrlHandlerMapping#1,org.springframework.web.servlet.view.InternalResourceViewResolver#0,multipartResolver,buylistDAO,cartController,categoryDAO,categorySerivce,goodsDAO,goodsService,goodsController,homeController,registGoodsController,reviewDAO,searchController,subController,uploadController,userDAO,userService,userController,org.springframework.context.annotation.internalConfigurationAnnotationProcessor,org.springframework.context.annotation.internalAutowiredAnnotationProcessor,org.springframework.context.annotation.internalRequiredAnnotationProcessor,org.springframework.context.annotation.ConfigurationClassPostProcessor$ImportAwareBeanPostProcessor#0]; root of factory hierarchy
ERROR: org.springframework.test.context.TestContextManager - Caught exception while allowing TestExecutionListener [org.springframework.test.context.support.DependencyInjectionTestExecutionListener@30feffc] to prepare test instance [buylistTest.BuyListTest@3af356f]
java.lang.IllegalStateException: Failed to load ApplicationContext
	at org.springframework.test.context.TestContext.getApplicationContext(TestContext.java:157)
	at org.springframework.test.context.support.DependencyInjectionTestExecutionListener.injectDependencies(DependencyInjectionTestExecutionListener.java:109)
	at org.springframework.test.context.support.DependencyInjectionTestExecutionListener.prepareTestInstance(DependencyInjectionTestExecutionListener.java:75)
	at org.springframework.test.context.TestContextManager.prepareTestInstance(TestContextManager.java:321)
	at org.springframework.test.context.junit4.SpringJUnit4ClassRunner.createTest(SpringJUnit4ClassRunner.java:211)
	at org.springframework.test.context.junit4.SpringJUnit4ClassRunner$1.runReflectiveCall(SpringJUnit4ClassRunner.java:288)
	at org.junit.internal.runners.model.ReflectiveCallable.run(ReflectiveCallable.java:15)
	at org.springframework.test.context.junit4.SpringJUnit4ClassRunner.methodBlock(SpringJUnit4ClassRunner.java:290)
	at org.springframework.test.context.junit4.SpringJUnit4ClassRunner.runChild(SpringJUnit4ClassRunner.java:231)
	at org.junit.runners.BlockJUnit4ClassRunner.runChild(BlockJUnit4ClassRunner.java:50)
	at org.junit.runners.ParentRunner$3.run(ParentRunner.java:193)
	at org.junit.runners.ParentRunner$1.schedule(ParentRunner.java:52)
	at org.junit.runners.ParentRunner.runChildren(ParentRunner.java:191)
	at org.junit.runners.ParentRunner.access$000(ParentRunner.java:42)
	at org.junit.runners.ParentRunner$2.evaluate(ParentRunner.java:184)
	at org.springframework.test.context.junit4.statements.RunBeforeTestClassCallbacks.evaluate(RunBeforeTestClassCallbacks.java:61)
	at org.springframework.test.context.junit4.statements.RunAfterTestClassCallbacks.evaluate(RunAfterTestClassCallbacks.java:71)
	at org.junit.runners.ParentRunner.run(ParentRunner.java:236)
	at org.springframework.test.context.junit4.SpringJUnit4ClassRunner.run(SpringJUnit4ClassRunner.java:174)
	at org.apache.maven.surefire.junit4.JUnit4Provider.execute(JUnit4Provider.java:252)
	at org.apache.maven.surefire.junit4.JUnit4Provider.executeTestSet(JUnit4Provider.java:141)
	at org.apache.maven.surefire.junit4.JUnit4Provider.invoke(JUnit4Provider.java:112)
	at java.base/jdk.internal.reflect.NativeMethodAccessorImpl.invoke0(Native Method)
	at java.base/jdk.internal.reflect.NativeMethodAccessorImpl.invoke(NativeMethodAccessorImpl.java:62)
	at java.base/jdk.internal.reflect.DelegatingMethodAccessorImpl.invoke(DelegatingMethodAccessorImpl.java:43)
	at java.base/java.lang.reflect.Method.invoke(Method.java:564)
	at org.apache.maven.surefire.util.ReflectionUtils.invokeMethodWithArray(ReflectionUtils.java:189)
	at org.apache.maven.surefire.booter.ProviderFactory$ProviderProxy.invoke(ProviderFactory.java:165)
	at org.apache.maven.surefire.booter.ProviderFactory.invokeProvider(ProviderFactory.java:85)
	at org.apache.maven.surefire.booter.ForkedBooter.runSuitesInProcess(ForkedBooter.java:115)
	at org.apache.maven.surefire.booter.ForkedBooter.main(ForkedBooter.java:75)
Caused by: org.springframework.beans.factory.BeanCreationException: Error creating bean with name &apos;uploadController&apos;: Injection of autowired dependencies failed; nested exception is org.springframework.beans.factory.BeanCreationException: Could not autowire field: javax.servlet.ServletContext com.javaproject.nobrand.UploadController.context; nested exception is org.springframework.beans.factory.NoSuchBeanDefinitionException: No matching bean of type [javax.servlet.ServletContext] found for dependency: expected at least 1 bean which qualifies as autowire candidate for this dependency. Dependency annotations: {@org.springframework.beans.factory.annotation.Autowired(required=true)}
	at org.springframework.beans.factory.annotation.AutowiredAnnotationBeanPostProcessor.postProcessPropertyValues(AutowiredAnnotationBeanPostProcessor.java:287)
	at org.springframework.beans.factory.support.AbstractAutowireCapableBeanFactory.populateBean(AbstractAutowireCapableBeanFactory.java:1106)
	at org.springframework.beans.factory.support.AbstractAutowireCapableBeanFactory.doCreateBean(AbstractAutowireCapableBeanFactory.java:517)
	at org.springframework.beans.factory.support.AbstractAutowireCapableBeanFactory.createBean(AbstractAutowireCapableBeanFactory.java:456)
	at org.springframework.beans.factory.support.AbstractBeanFactory$1.getObject(AbstractBeanFactory.java:294)
	at org.springframework.beans.factory.support.DefaultSingletonBeanRegistry.getSingleton(DefaultSingletonBeanRegistry.java:225)
	at org.springframework.beans.factory.support.AbstractBeanFactory.doGetBean(AbstractBeanFactory.java:291)
	at org.springframework.beans.factory.support.AbstractBeanFactory.getBean(AbstractBeanFactory.java:193)
	at org.springframework.beans.factory.support.DefaultListableBeanFactory.preInstantiateSingletons(DefaultListableBeanFactory.java:585)
	at org.springframework.context.support.AbstractApplicationContext.finishBeanFactoryInitialization(AbstractApplicationContext.java:913)
	at org.springframework.context.support.AbstractApplicationContext.refresh(AbstractApplicationContext.java:464)
	at org.springframework.test.context.support.AbstractGenericContextLoader.loadContext(AbstractGenericContextLoader.java:103)
	at org.springframework.test.context.support.AbstractGenericContextLoader.loadContext(AbstractGenericContextLoader.java:1)
	at org.springframework.test.context.support.DelegatingSmartContextLoader.loadContext(DelegatingSmartContextLoader.java:228)
	at org.springframework.test.context.TestContext.loadApplicationContext(TestContext.java:124)
	at org.springframework.test.context.TestContext.getApplicationContext(TestContext.java:148)
	... 30 more
Caused by: org.springframework.beans.factory.BeanCreationException: Could not autowire field: javax.servlet.ServletContext com.javaproject.nobrand.UploadController.context; nested exception is org.springframework.beans.factory.NoSuchBeanDefinitionException: No matching bean of type [javax.servlet.ServletContext] found for dependency: expected at least 1 bean which qualifies as autowire candidate for this dependency. Dependency annotations: {@org.springframework.beans.factory.annotation.Autowired(required=true)}
	at org.springframework.beans.factory.annotation.AutowiredAnnotationBeanPostProcessor$AutowiredFieldElement.inject(AutowiredAnnotationBeanPostProcessor.java:506)
	at org.springframework.beans.factory.annotation.InjectionMetadata.inject(InjectionMetadata.java:87)
	at org.springframework.beans.factory.annotation.AutowiredAnnotationBeanPostProcessor.postProcessPropertyValues(AutowiredAnnotationBeanPostProcessor.java:284)
	... 45 more
Caused by: org.springframework.beans.factory.NoSuchBeanDefinitionException: No matching bean of type [javax.servlet.ServletContext] found for dependency: expected at least 1 bean which qualifies as autowire candidate for this dependency. Dependency annotations: {@org.springframework.beans.factory.annotation.Autowired(required=true)}
	at org.springframework.beans.factory.support.DefaultListableBeanFactory.raiseNoSuchBeanDefinitionException(DefaultListableBeanFactory.java:924)
	at org.springframework.beans.factory.support.DefaultListableBeanFactory.doResolveDependency(DefaultListableBeanFactory.java:793)
	at org.springframework.beans.factory.support.DefaultListableBeanFactory.resolveDependency(DefaultListableBeanFactory.java:707)
	at org.springframework.beans.factory.annotation.AutowiredAnnotationBeanPostProcessor$AutowiredFieldElement.inject(AutowiredAnnotationBeanPostProcessor.java:478)
	... 47 more
</system-out>
  </testcase>
</testsuite>